This is pdfTeX, Version 3.14159265-2.6-1.40.20 (MiKTeX 2.9.6960 64-bit) (preloaded format=pdflatex 2019.3.4)  17 SEP 2019 16:12
entering extended mode
**./Variables.locales.globales.tex
(Variables.locales.globales.tex
LaTeX2e <2018-12-01>

! LaTeX Error: File `beamer.cls' not found.

Type X to quit or <RETURN> to proceed,
or enter new name. (Default extension: cls)

Enter file name: 
! Emergency stop.
<read *> 
         
l.7 \usepackage
               {pgfpages} 
Here is how much of TeX's memory you used:
 14 strings out of 492946
 334 string characters out of 3135528
 56800 words of memory out of 3000000
 4009 multiletter control sequences out of 15000+200000
 3640 words of font info for 14 fonts, out of 3000000 for 9000
 1141 hyphenation exceptions out of 8191
 10i,0n,8p,137b,8s stack positions out of 5000i,500n,10000p,200000b,50000s

!  ==> Fatal error occurred, no output PDF file produced!


! Unfortunately, the package beamer could not be installed.
! Please check the log file:
! C:\Users\marti\AppData\Local\MiKTeX\2.9\miktex\log\pdflatex.log
